<?xml version="1.0" encoding="UTF-8"?>
<!-- Generated by org.testng.reporters.JUnitReportReporter -->
<testsuite hostname="LAPTOP-09FPCT2T" failures="0" tests="2" name="qaclickacademy.SeleniumTest" time="0.000" errors="0" timestamp="2020-04-27T14:56:09 IST" skipped="0">
  <testcase classname="qaclickacademy.SeleniumTest" name="elementsui" time="0.000"/>
  <system-out/>
  <testcase classname="qaclickacademy.SeleniumTest" name="browserautomation" time="0.000"/>
  <system-out/>
</testsuite> <!-- qaclickacademy.SeleniumTest -->
